INCHCMPC08779 2016-06-08 16:57:57,745 (Macmillan.CMS.Service.Controllers.ManageContentController+<UploadFile>d__5) - System.NullReferenceException: Object reference not set to an instance of an object.
   at Macmillan.CMS.Service.Controllers.ManageContentController.<UploadFile>d__5.MoveNext() in d:\CMSSourcecode\CMS\services\Macmillan.CMS.Service\Controllers\ManageContentController.cs:line 100
INCHCMPC08779 2016-06-08 19:46:07,968 (Macmillan.CMS.Service.Controllers.ManageContentController+<UploadFile>d__5) - System.ArgumentOutOfRangeException: Index was out of range. Must be non-negative and less than the size of the collection.
Parameter name: index
   at System.Collections.ArrayList.get_Item(Int32 index)
   at System.Collections.Specialized.NameObjectCollectionBase.BaseGet(Int32 index)
   at System.Web.HttpFileCollection.Get(Int32 index)
   at System.Web.HttpFileCollection.get_Item(Int32 index)
   at Macmillan.CMS.Business.FlowJsBusiness.PostChunkBase(HttpRequest request, String folder, String validationRules) in d:\CMSSourcecode\CMS\services\Macmillan.CMS.Business\FlowJsBusiness.cs:line 43
   at Macmillan.CMS.Business.FlowJsBusiness.PostChunk(HttpRequest request, String folder, FlowValidationRules validationRules) in d:\CMSSourcecode\CMS\services\Macmillan.CMS.Business\FlowJsBusiness.cs:line 21
   at Macmillan.CMS.Service.Controllers.ManageContentController.<UploadFile>d__5.MoveNext() in d:\CMSSourcecode\CMS\services\Macmillan.CMS.Service\Controllers\ManageContentController.cs:line 101
INCHCMPC08779 2016-06-08 19:48:44,062 (Macmillan.CMS.Service.Controllers.ManageContentController+<UploadFile>d__5) - System.NullReferenceException: Object reference not set to an instance of an object.
   at Macmillan.CMS.Business.FlowJsBusiness.PostChunkBase(HttpRequest request, String folder, String validationRules) in d:\CMSSourcecode\CMS\services\Macmillan.CMS.Business\FlowJsBusiness.cs:line 64
   at Macmillan.CMS.Business.FlowJsBusiness.PostChunk(HttpRequest request, String folder, FlowValidationRules validationRules) in d:\CMSSourcecode\CMS\services\Macmillan.CMS.Business\FlowJsBusiness.cs:line 21
   at Macmillan.CMS.Service.Controllers.ManageContentController.<UploadFile>d__5.MoveNext() in d:\CMSSourcecode\CMS\services\Macmillan.CMS.Service\Controllers\ManageContentController.cs:line 101
INCHCMPC08779 2016-06-08 19:51:51,988 (Macmillan.CMS.Service.Controllers.ManageContentController+<UploadFile>d__5) - System.NullReferenceException: Object reference not set to an instance of an object.
   at Macmillan.CMS.Service.Controllers.ManageContentController.<UploadFile>d__5.MoveNext() in d:\CMSSourcecode\CMS\services\Macmillan.CMS.Service\Controllers\ManageContentController.cs:line 110
INCHCMPC08779 2016-06-08 19:59:48,481 (Macmillan.CMS.Service.Controllers.ManageContentController+<UploadFile>d__5) - System.ArgumentOutOfRangeException: Index was out of range. Must be non-negative and less than the size of the collection.
Parameter name: index
   at System.Collections.ArrayList.get_Item(Int32 index)
   at System.Collections.Specialized.NameObjectCollectionBase.BaseGet(Int32 index)
   at System.Web.HttpFileCollection.Get(Int32 index)
   at System.Web.HttpFileCollection.get_Item(Int32 index)
   at Macmillan.CMS.Business.FlowJsBusiness.PostChunkBase(HttpRequest request, String folder, String validationRules) in d:\CMSSourcecode\CMS\services\Macmillan.CMS.Business\FlowJsBusiness.cs:line 43
   at Macmillan.CMS.Business.FlowJsBusiness.PostChunk(HttpRequest request, String folder, FlowValidationRules validationRules) in d:\CMSSourcecode\CMS\services\Macmillan.CMS.Business\FlowJsBusiness.cs:line 21
   at Macmillan.CMS.Service.Controllers.ManageContentController.<UploadFile>d__5.MoveNext() in d:\CMSSourcecode\CMS\services\Macmillan.CMS.Service\Controllers\ManageContentController.cs:line 101
INCHCMPC08779 2016-06-08 20:06:17,134 (Macmillan.CMS.Service.Controllers.ManageContentController+<UploadFile>d__5) - System.ArgumentOutOfRangeException: Index was out of range. Must be non-negative and less than the size of the collection.
Parameter name: index
   at System.Collections.ArrayList.get_Item(Int32 index)
   at System.Collections.Specialized.NameObjectCollectionBase.BaseGet(Int32 index)
   at System.Web.HttpFileCollection.Get(Int32 index)
   at System.Web.HttpFileCollection.get_Item(Int32 index)
   at Macmillan.CMS.Business.FlowJsBusiness.PostChunkBase(HttpRequest request, String folder, String validationRules) in d:\CMSSourcecode\CMS\services\Macmillan.CMS.Business\FlowJsBusiness.cs:line 43
   at Macmillan.CMS.Business.FlowJsBusiness.PostChunk(HttpRequest request, String folder, FlowValidationRules validationRules) in d:\CMSSourcecode\CMS\services\Macmillan.CMS.Business\FlowJsBusiness.cs:line 21
   at Macmillan.CMS.Service.Controllers.ManageContentController.<UploadFile>d__5.MoveNext() in d:\CMSSourcecode\CMS\services\Macmillan.CMS.Service\Controllers\ManageContentController.cs:line 101
INCHCMPC08779 2016-06-08 20:10:30,729 (Macmillan.CMS.Service.Controllers.ManageContentController+<UploadFile>d__5) - System.ArgumentOutOfRangeException: Index was out of range. Must be non-negative and less than the size of the collection.
Parameter name: index
   at System.Collections.ArrayList.get_Item(Int32 index)
   at System.Collections.Specialized.NameObjectCollectionBase.BaseGet(Int32 index)
   at System.Web.HttpFileCollection.Get(Int32 index)
   at System.Web.HttpFileCollection.get_Item(Int32 index)
   at Macmillan.CMS.Business.FlowJsBusiness.PostChunkBase(HttpRequest request, String folder, FlowValidationRules validationRules) in d:\CMSSourcecode\CMS\services\Macmillan.CMS.Business\FlowJsBusiness.cs:line 43
   at Macmillan.CMS.Business.FlowJsBusiness.PostChunk(HttpRequest request, String folder, FlowValidationRules validationRules) in d:\CMSSourcecode\CMS\services\Macmillan.CMS.Business\FlowJsBusiness.cs:line 21
   at Macmillan.CMS.Service.Controllers.ManageContentController.<UploadFile>d__5.MoveNext() in d:\CMSSourcecode\CMS\services\Macmillan.CMS.Service\Controllers\ManageContentController.cs:line 101
INCHCMPC08779 2016-06-08 20:12:49,671 (Macmillan.CMS.Service.Controllers.ManageContentController+<UploadFile>d__5) - System.NullReferenceException: Object reference not set to an instance of an object.
   at Macmillan.CMS.Business.FlowJsBusiness.PostChunkBase(HttpRequest request, String folder, FlowValidationRules validationRules) in d:\CMSSourcecode\CMS\services\Macmillan.CMS.Business\FlowJsBusiness.cs:line 64
   at Macmillan.CMS.Business.FlowJsBusiness.PostChunk(HttpRequest request, String folder, FlowValidationRules validationRules) in d:\CMSSourcecode\CMS\services\Macmillan.CMS.Business\FlowJsBusiness.cs:line 21
   at Macmillan.CMS.Service.Controllers.ManageContentController.<UploadFile>d__5.MoveNext() in d:\CMSSourcecode\CMS\services\Macmillan.CMS.Service\Controllers\ManageContentController.cs:line 101
INCHCMPC08779 2016-06-08 20:16:11,958 (Macmillan.CMS.Service.Controllers.ManageContentController+<UploadFile>d__5) - System.NullReferenceException: Object reference not set to an instance of an object.
   at Macmillan.CMS.Service.Controllers.ManageContentController.<UploadFile>d__5.MoveNext() in d:\CMSSourcecode\CMS\services\Macmillan.CMS.Service\Controllers\ManageContentController.cs:line 103
INCHCMPC08779 2016-06-08 20:18:54,725 (Macmillan.CMS.Service.Controllers.ManageContentController+<UploadFile>d__5) - System.NullReferenceException: Object reference not set to an instance of an object.
   at Macmillan.CMS.Service.Controllers.ManageContentController.<UploadFile>d__5.MoveNext() in d:\CMSSourcecode\CMS\services\Macmillan.CMS.Service\Controllers\ManageContentController.cs:line 103
INCHCMPC08779 2016-06-08 20:19:23,753 (Macmillan.CMS.Service.Controllers.ManageContentController+<UploadFile>d__5) - System.ArgumentOutOfRangeException: Index was out of range. Must be non-negative and less than the size of the collection.
Parameter name: index
   at System.Collections.ArrayList.get_Item(Int32 index)
   at System.Collections.Specialized.NameObjectCollectionBase.BaseGet(Int32 index)
   at System.Web.HttpFileCollection.Get(Int32 index)
   at System.Web.HttpFileCollection.get_Item(Int32 index)
   at Macmillan.CMS.Business.FlowJsBusiness.PostChunkBase(HttpRequest request, String folder, FlowValidationRules validationRules) in d:\CMSSourcecode\CMS\services\Macmillan.CMS.Business\FlowJsBusiness.cs:line 43
   at Macmillan.CMS.Business.FlowJsBusiness.PostChunk(HttpRequest request, String folder, FlowValidationRules validationRules) in d:\CMSSourcecode\CMS\services\Macmillan.CMS.Business\FlowJsBusiness.cs:line 21
   at Macmillan.CMS.Service.Controllers.ManageContentController.<UploadFile>d__5.MoveNext() in d:\CMSSourcecode\CMS\services\Macmillan.CMS.Service\Controllers\ManageContentController.cs:line 101
